[0.595s] DEBUG:colcon:Command line arguments: ['/usr/bin/colcon', 'build', '--symlink-install']
[0.596s] DEBUG:colcon:Parsed command line arguments: Namespace(log_base=None, log_level=None, verb_name='build', build_base='build', install_base='install', merge_install=False, symlink_install=True, test_result_base=None, continue_on_error=False, executor='parallel', parallel_workers=8, event_handlers=None, ignore_user_meta=False, metas=['./colcon.meta'], base_paths=['.'], packages_ignore=None, packages_ignore_regex=None, paths=None, packages_up_to=None, packages_up_to_regex=None, packages_above=None, packages_above_and_dependencies=None, packages_above_depth=None, packages_select_by_dep=None, packages_skip_by_dep=None, packages_skip_up_to=None, packages_select_build_failed=False, packages_skip_build_finished=False, packages_select_test_failures=False, packages_skip_test_passed=False, packages_select=None, packages_skip=None, packages_select_regex=None, packages_skip_regex=None, packages_start=None, packages_end=None, allow_overriding=[], cmake_args=None, cmake_target=None, cmake_target_skip_unavailable=False, cmake_clean_cache=False, cmake_clean_first=False, cmake_force_configure=False, ament_cmake_args=None, catkin_cmake_args=None, catkin_skip_building_tests=False, verb_parser=<colcon_defaults.argument_parser.defaults.DefaultArgumentsDecorator object at 0x7fb25d005510>, verb_extension=<colcon_core.verb.build.BuildVerb object at 0x7fb25d1020b0>, main=<bound method BuildVerb.main of <colcon_core.verb.build.BuildVerb object at 0x7fb25d1020b0>>)
[0.700s] Level 1:colcon.colcon_core.package_discovery:discover_packages(colcon_meta) check parameters
[0.700s] Level 1:colcon.colcon_core.package_discovery:discover_packages(recursive) check parameters
[0.700s] Level 1:colcon.colcon_core.package_discovery:discover_packages(ignore) check parameters
[0.700s] Level 1:colcon.colcon_core.package_discovery:discover_packages(path) check parameters
[0.700s] Level 1:colcon.colcon_core.package_discovery:discover_packages(colcon_meta) discover
[0.700s] Level 1:colcon.colcon_core.package_discovery:discover_packages(recursive) discover
[0.700s] INFO:colcon.colcon_core.package_discovery:Crawling recursively for packages in '/home/jching/ros2_ws/src/multi_drone_system'
[0.700s] Level 1:colcon.colcon_core.package_identification:_identify(.) by extensions ['ignore', 'ignore_ament_install']
[0.700s] Level 1:colcon.colcon_core.package_identification:_identify(.) by extension 'ignore'
[0.700s] Level 1:colcon.colcon_core.package_identification:_identify(.) by extension 'ignore_ament_install'
[0.700s] Level 1:colcon.colcon_core.package_identification:_identify(.) by extensions ['colcon_pkg']
[0.700s] Level 1:colcon.colcon_core.package_identification:_identify(.) by extension 'colcon_pkg'
[0.701s] Level 1:colcon.colcon_core.package_identification:_identify(.) by extensions ['colcon_meta']
[0.701s] Level 1:colcon.colcon_core.package_identification:_identify(.) by extension 'colcon_meta'
[0.701s] Level 1:colcon.colcon_core.package_identification:_identify(.) by extensions ['ros']
[0.701s] Level 1:colcon.colcon_core.package_identification:_identify(.) by extension 'ros'
[0.731s] DEBUG:colcon.colcon_core.package_identification:Package '.' with type 'ros.ament_python' and name 'multi_drone_system'
[0.731s] Level 1:colcon.colcon_core.package_discovery:discover_packages(recursive) using defaults
[0.731s] Level 1:colcon.colcon_core.package_discovery:discover_packages(ignore) discover
[0.731s] Level 1:colcon.colcon_core.package_discovery:discover_packages(ignore) using defaults
[0.731s] Level 1:colcon.colcon_core.package_discovery:discover_packages(path) discover
[0.731s] Level 1:colcon.colcon_core.package_discovery:discover_packages(path) using defaults
[0.775s] Level 1:colcon.colcon_core.package_discovery:discover_packages(prefix_path) check parameters
[0.775s] Level 1:colcon.colcon_core.package_discovery:discover_packages(prefix_path) discover
[0.783s] DEBUG:colcon.colcon_installed_package_information.package_discovery:Found 1 installed packages in /home/jching/ros2_ws/install
[0.787s] DEBUG:colcon.colcon_installed_package_information.package_discovery:Found 437 installed packages in /opt/ros/humble
[0.788s] Level 1:colcon.colcon_core.package_discovery:discover_packages(prefix_path) using defaults
[1.075s] Level 5:colcon.colcon_core.verb:set package 'multi_drone_system' build argument 'cmake_args' from command line to 'None'
[1.075s] Level 5:colcon.colcon_core.verb:set package 'multi_drone_system' build argument 'cmake_target' from command line to 'None'
[1.075s] Level 5:colcon.colcon_core.verb:set package 'multi_drone_system' build argument 'cmake_target_skip_unavailable' from command line to 'False'
[1.075s] Level 5:colcon.colcon_core.verb:set package 'multi_drone_system' build argument 'cmake_clean_cache' from command line to 'False'
[1.075s] Level 5:colcon.colcon_core.verb:set package 'multi_drone_system' build argument 'cmake_clean_first' from command line to 'False'
[1.075s] Level 5:colcon.colcon_core.verb:set package 'multi_drone_system' build argument 'cmake_force_configure' from command line to 'False'
[1.075s] Level 5:colcon.colcon_core.verb:set package 'multi_drone_system' build argument 'ament_cmake_args' from command line to 'None'
[1.075s] Level 5:colcon.colcon_core.verb:set package 'multi_drone_system' build argument 'catkin_cmake_args' from command line to 'None'
[1.075s] Level 5:colcon.colcon_core.verb:set package 'multi_drone_system' build argument 'catkin_skip_building_tests' from command line to 'False'
[1.076s] DEBUG:colcon.colcon_core.verb:Building package 'multi_drone_system' with the following arguments: {'ament_cmake_args': None, 'build_base': '/home/jching/ros2_ws/src/multi_drone_system/build/multi_drone_system', 'catkin_cmake_args': None, 'catkin_skip_building_tests': False, 'cmake_args': None, 'cmake_clean_cache': False, 'cmake_clean_first': False, 'cmake_force_configure': False, 'cmake_target': None, 'cmake_target_skip_unavailable': False, 'install_base': '/home/jching/ros2_ws/src/multi_drone_system/install/multi_drone_system', 'merge_install': False, 'path': '/home/jching/ros2_ws/src/multi_drone_system', 'symlink_install': True, 'test_result_base': None}
[1.076s] INFO:colcon.colcon_core.executor:Executing jobs using 'parallel' executor
[1.077s] DEBUG:colcon.colcon_parallel_executor.executor.parallel:run_until_complete
[1.077s] INFO:colcon.colcon_ros.task.ament_python.build:Building ROS package in '/home/jching/ros2_ws/src/multi_drone_system' with build type 'ament_python'
[1.077s] Level 1:colcon.colcon_core.shell:create_environment_hook('multi_drone_system', 'ament_prefix_path')
[1.086s] INFO:colcon.colcon_core.plugin_system:Skipping extension 'colcon_core.shell.bat': Not used on non-Windows systems
[1.086s] INFO:colcon.colcon_core.shell:Creating environment hook '/home/jching/ros2_ws/src/multi_drone_system/install/multi_drone_system/share/multi_drone_system/hook/ament_prefix_path.ps1'
[1.088s] INFO:colcon.colcon_core.shell:Creating environment descriptor '/home/jching/ros2_ws/src/multi_drone_system/install/multi_drone_system/share/multi_drone_system/hook/ament_prefix_path.dsv'
[1.089s] INFO:colcon.colcon_core.shell:Creating environment hook '/home/jching/ros2_ws/src/multi_drone_system/install/multi_drone_system/share/multi_drone_system/hook/ament_prefix_path.sh'
[1.091s] INFO:colcon.colcon_core.shell:Skip shell extension 'powershell' for command environment: Not usable outside of PowerShell
[1.091s] DEBUG:colcon.colcon_core.shell:Skip shell extension 'dsv' for command environment
[1.265s] INFO:colcon.colcon_core.task.python.build:Building Python package in '/home/jching/ros2_ws/src/multi_drone_system'
[1.266s] INFO:colcon.colcon_core.shell:Skip shell extension 'powershell' for command environment: Not usable outside of PowerShell
[1.266s] DEBUG:colcon.colcon_core.shell:Skip shell extension 'dsv' for command environment
[2.826s] DEBUG:colcon.colcon_core.event_handler.log_command:Invoking command in '/home/jching/ros2_ws/src/multi_drone_system/build/multi_drone_system': PYTHONPATH=/home/jching/ros2_ws/src/multi_drone_system/build/multi_drone_system/prefix_override:/home/jching/ros2_ws/src/multi_drone_system/install/multi_drone_system/lib/python3.10/site-packages:${PYTHONPATH} /usr/bin/python3 -W ignore:setup.py install is deprecated setup.py develop --editable --build-directory /home/jching/ros2_ws/src/multi_drone_system/build/multi_drone_system/build --no-deps symlink_data
[3.409s] Level 1:colcon.colcon_core.shell:create_environment_hook('multi_drone_system', 'pythonpath_develop')
[3.410s] INFO:colcon.colcon_core.shell:Creating environment hook '/home/jching/ros2_ws/src/multi_drone_system/build/multi_drone_system/share/multi_drone_system/hook/pythonpath_develop.ps1'
[3.410s] DEBUG:colcon.colcon_core.event_handler.log_command:Invoked command in '/home/jching/ros2_ws/src/multi_drone_system/build/multi_drone_system' returned '0': PYTHONPATH=/home/jching/ros2_ws/src/multi_drone_system/build/multi_drone_system/prefix_override:/home/jching/ros2_ws/src/multi_drone_system/install/multi_drone_system/lib/python3.10/site-packages:${PYTHONPATH} /usr/bin/python3 -W ignore:setup.py install is deprecated setup.py develop --editable --build-directory /home/jching/ros2_ws/src/multi_drone_system/build/multi_drone_system/build --no-deps symlink_data
[3.410s] INFO:colcon.colcon_core.shell:Creating environment descriptor '/home/jching/ros2_ws/src/multi_drone_system/build/multi_drone_system/share/multi_drone_system/hook/pythonpath_develop.dsv'
[3.411s] INFO:colcon.colcon_core.shell:Creating environment hook '/home/jching/ros2_ws/src/multi_drone_system/build/multi_drone_system/share/multi_drone_system/hook/pythonpath_develop.sh'
[3.427s] Level 1:colcon.colcon_core.environment:checking '/home/jching/ros2_ws/src/multi_drone_system/install/multi_drone_system' for CMake module files
[3.427s] Level 1:colcon.colcon_core.environment:checking '/home/jching/ros2_ws/src/multi_drone_system/install/multi_drone_system' for CMake config files
[3.429s] Level 1:colcon.colcon_core.environment:checking '/home/jching/ros2_ws/src/multi_drone_system/install/multi_drone_system/lib'
[3.429s] Level 1:colcon.colcon_core.environment:checking '/home/jching/ros2_ws/src/multi_drone_system/install/multi_drone_system/bin'
[3.429s] Level 1:colcon.colcon_core.environment:checking '/home/jching/ros2_ws/src/multi_drone_system/install/multi_drone_system/lib/pkgconfig/multi_drone_system.pc'
[3.429s] Level 1:colcon.colcon_core.environment:checking '/home/jching/ros2_ws/src/multi_drone_system/install/multi_drone_system/lib/python3.10/site-packages'
[3.429s] Level 1:colcon.colcon_core.shell:create_environment_hook('multi_drone_system', 'pythonpath')
[3.430s] INFO:colcon.colcon_core.shell:Creating environment hook '/home/jching/ros2_ws/src/multi_drone_system/install/multi_drone_system/share/multi_drone_system/hook/pythonpath.ps1'
[3.430s] INFO:colcon.colcon_core.shell:Creating environment descriptor '/home/jching/ros2_ws/src/multi_drone_system/install/multi_drone_system/share/multi_drone_system/hook/pythonpath.dsv'
[3.430s] INFO:colcon.colcon_core.shell:Creating environment hook '/home/jching/ros2_ws/src/multi_drone_system/install/multi_drone_system/share/multi_drone_system/hook/pythonpath.sh'
[3.431s] Level 1:colcon.colcon_core.environment:checking '/home/jching/ros2_ws/src/multi_drone_system/install/multi_drone_system/bin'
[3.431s] Level 1:colcon.colcon_core.environment:create_environment_scripts_only(multi_drone_system)
[3.431s] INFO:colcon.colcon_core.shell:Creating package script '/home/jching/ros2_ws/src/multi_drone_system/install/multi_drone_system/share/multi_drone_system/package.ps1'
[3.433s] INFO:colcon.colcon_core.shell:Creating package descriptor '/home/jching/ros2_ws/src/multi_drone_system/install/multi_drone_system/share/multi_drone_system/package.dsv'
[3.435s] INFO:colcon.colcon_core.shell:Creating package script '/home/jching/ros2_ws/src/multi_drone_system/install/multi_drone_system/share/multi_drone_system/package.sh'
[3.436s] INFO:colcon.colcon_core.shell:Creating package script '/home/jching/ros2_ws/src/multi_drone_system/install/multi_drone_system/share/multi_drone_system/package.bash'
[3.437s] INFO:colcon.colcon_core.shell:Creating package script '/home/jching/ros2_ws/src/multi_drone_system/install/multi_drone_system/share/multi_drone_system/package.zsh'
[3.439s] Level 1:colcon.colcon_core.environment:create_file_with_runtime_dependencies(/home/jching/ros2_ws/src/multi_drone_system/install/multi_drone_system/share/colcon-core/packages/multi_drone_system)
[3.440s] DEBUG:colcon.colcon_parallel_executor.executor.parallel:closing loop
[3.440s] DEBUG:colcon.colcon_parallel_executor.executor.parallel:loop closed
[3.440s] DEBUG:colcon.colcon_parallel_executor.executor.parallel:run_until_complete finished with '0'
[3.440s] DEBUG:colcon.colcon_core.event_reactor:joining thread
[3.536s] INFO:colcon.colcon_core.plugin_system:Skipping extension 'colcon_notification.desktop_notification.notify_send': Could not find 'notify-send'
[3.536s] INFO:colcon.colcon_core.plugin_system:Skipping extension 'colcon_notification.desktop_notification.terminal_notifier': Not used on non-Darwin systems
[3.536s] INFO:colcon.colcon_core.plugin_system:Skipping extension 'colcon_notification.desktop_notification.win32': Not used on non-Windows systems
[3.536s] INFO:colcon.colcon_notification.desktop_notification:Sending desktop notification using 'notify2'
[3.539s] DEBUG:colcon.colcon_notification.desktop_notification.notify2:Failed to initialize notify2: org.freedesktop.DBus.Error.ServiceUnknown: The name org.freedesktop.Notifications was not provided by any .service files
[3.539s] DEBUG:colcon.colcon_core.event_reactor:joined thread
[3.539s] INFO:colcon.colcon_core.shell:Creating prefix script '/home/jching/ros2_ws/src/multi_drone_system/install/local_setup.ps1'
[3.540s] INFO:colcon.colcon_core.shell:Creating prefix util module '/home/jching/ros2_ws/src/multi_drone_system/install/_local_setup_util_ps1.py'
[3.542s] INFO:colcon.colcon_core.shell:Creating prefix chain script '/home/jching/ros2_ws/src/multi_drone_system/install/setup.ps1'
[3.544s] INFO:colcon.colcon_core.shell:Creating prefix script '/home/jching/ros2_ws/src/multi_drone_system/install/local_setup.sh'
[3.545s] INFO:colcon.colcon_core.shell:Creating prefix util module '/home/jching/ros2_ws/src/multi_drone_system/install/_local_setup_util_sh.py'
[3.546s] INFO:colcon.colcon_core.shell:Creating prefix chain script '/home/jching/ros2_ws/src/multi_drone_system/install/setup.sh'
[3.548s] INFO:colcon.colcon_core.shell:Creating prefix script '/home/jching/ros2_ws/src/multi_drone_system/install/local_setup.bash'
[3.549s] INFO:colcon.colcon_core.shell:Creating prefix chain script '/home/jching/ros2_ws/src/multi_drone_system/install/setup.bash'
[3.550s] INFO:colcon.colcon_core.shell:Creating prefix script '/home/jching/ros2_ws/src/multi_drone_system/install/local_setup.zsh'
[3.552s] INFO:colcon.colcon_core.shell:Creating prefix chain script '/home/jching/ros2_ws/src/multi_drone_system/install/setup.zsh'
