running develop
running egg_info
creating multi_drone_system.egg-info
writing multi_drone_system.egg-info/PKG-INFO
writing dependency_links to multi_drone_system.egg-info/dependency_links.txt
writing requirements to multi_drone_system.egg-info/requires.txt
writing top-level names to multi_drone_system.egg-info/top_level.txt
writing manifest file 'multi_drone_system.egg-info/SOURCES.txt'
reading manifest file 'multi_drone_system.egg-info/SOURCES.txt'
writing manifest file 'multi_drone_system.egg-info/SOURCES.txt'
running build_ext
Creating /home/jching/ros2_ws/src/multi_drone_system/install/multi_drone_system/lib/python3.10/site-packages/multi-drone-system.egg-link (link to .)

Installed /home/jching/ros2_ws/src/multi_drone_system/build/multi_drone_system
running symlink_data
creating /home/jching/ros2_ws/src/multi_drone_system/install/multi_drone_system/share/ament_index
creating /home/jching/ros2_ws/src/multi_drone_system/install/multi_drone_system/share/ament_index/resource_index
creating /home/jching/ros2_ws/src/multi_drone_system/install/multi_drone_system/share/ament_index/resource_index/packages
symbolically linking /home/jching/ros2_ws/src/multi_drone_system/build/multi_drone_system/resource/multi_drone_system -> /home/jching/ros2_ws/src/multi_drone_system/install/multi_drone_system/share/ament_index/resource_index/packages
symbolically linking /home/jching/ros2_ws/src/multi_drone_system/build/multi_drone_system/package.xml -> /home/jching/ros2_ws/src/multi_drone_system/install/multi_drone_system/share/multi_drone_system
creating /home/jching/ros2_ws/src/multi_drone_system/install/multi_drone_system/share/multi_drone_system/launch
symbolically linking /home/jching/ros2_ws/src/multi_drone_system/build/multi_drone_system/launch/simulation.launch.py -> /home/jching/ros2_ws/src/multi_drone_system/install/multi_drone_system/share/multi_drone_system/launch
