[1.549s] DEBUG:colcon:Command line arguments: ['/usr/bin/colcon', 'build', '--symlink-install']
[1.549s] DEBUG:colcon:Parsed command line arguments: Namespace(log_base=None, log_level=None, verb_name='build', build_base='build', install_base='install', merge_install=False, symlink_install=True, test_result_base=None, continue_on_error=False, executor='parallel', parallel_workers=8, event_handlers=None, ignore_user_meta=False, metas=['./colcon.meta'], base_paths=['.'], packages_ignore=None, packages_ignore_regex=None, paths=None, packages_up_to=None, packages_up_to_regex=None, packages_above=None, packages_above_and_dependencies=None, packages_above_depth=None, packages_select_by_dep=None, packages_skip_by_dep=None, packages_skip_up_to=None, packages_select_build_failed=False, packages_skip_build_finished=False, packages_select_test_failures=False, packages_skip_test_passed=False, packages_select=None, packages_skip=None, packages_select_regex=None, packages_skip_regex=None, packages_start=None, packages_end=None, allow_overriding=[], cmake_args=None, cmake_target=None, cmake_target_skip_unavailable=False, cmake_clean_cache=False, cmake_clean_first=False, cmake_force_configure=False, ament_cmake_args=None, catkin_cmake_args=None, catkin_skip_building_tests=False, verb_parser=<colcon_defaults.argument_parser.defaults.DefaultArgumentsDecorator object at 0x7fdb2df05510>, verb_extension=<colcon_core.verb.build.BuildVerb object at 0x7fdb2e0060b0>, main=<bound method BuildVerb.main of <colcon_core.verb.build.BuildVerb object at 0x7fdb2e0060b0>>)
[1.692s] Level 1:colcon.colcon_core.package_discovery:discover_packages(colcon_meta) check parameters
[1.692s] Level 1:colcon.colcon_core.package_discovery:discover_packages(recursive) check parameters
[1.692s] Level 1:colcon.colcon_core.package_discovery:discover_packages(ignore) check parameters
[1.692s] Level 1:colcon.colcon_core.package_discovery:discover_packages(path) check parameters
[1.692s] Level 1:colcon.colcon_core.package_discovery:discover_packages(colcon_meta) discover
[1.692s] Level 1:colcon.colcon_core.package_discovery:discover_packages(recursive) discover
[1.692s] INFO:colcon.colcon_core.package_discovery:Crawling recursively for packages in '/home/jching/ros2_ws/src/multi_drone_system'
[1.692s] Level 1:colcon.colcon_core.package_identification:_identify(.) by extensions ['ignore', 'ignore_ament_install']
[1.692s] Level 1:colcon.colcon_core.package_identification:_identify(.) by extension 'ignore'
[1.692s] Level 1:colcon.colcon_core.package_identification:_identify(.) by extension 'ignore_ament_install'
[1.692s] Level 1:colcon.colcon_core.package_identification:_identify(.) by extensions ['colcon_pkg']
[1.692s] Level 1:colcon.colcon_core.package_identification:_identify(.) by extension 'colcon_pkg'
[1.692s] Level 1:colcon.colcon_core.package_identification:_identify(.) by extensions ['colcon_meta']
[1.692s] Level 1:colcon.colcon_core.package_identification:_identify(.) by extension 'colcon_meta'
[1.692s] Level 1:colcon.colcon_core.package_identification:_identify(.) by extensions ['ros']
[1.692s] Level 1:colcon.colcon_core.package_identification:_identify(.) by extension 'ros'
[1.734s] DEBUG:colcon.colcon_core.package_identification:Package '.' with type 'ros.ament_python' and name 'multi_drone_system'
[1.734s] Level 1:colcon.colcon_core.package_discovery:discover_packages(recursive) using defaults
[1.734s] Level 1:colcon.colcon_core.package_discovery:discover_packages(ignore) discover
[1.734s] Level 1:colcon.colcon_core.package_discovery:discover_packages(ignore) using defaults
[1.734s] Level 1:colcon.colcon_core.package_discovery:discover_packages(path) discover
[1.734s] Level 1:colcon.colcon_core.package_discovery:discover_packages(path) using defaults
[1.799s] Level 1:colcon.colcon_core.package_discovery:discover_packages(prefix_path) check parameters
[1.799s] Level 1:colcon.colcon_core.package_discovery:discover_packages(prefix_path) discover
[1.808s] DEBUG:colcon.colcon_installed_package_information.package_discovery:Found 1 installed packages in /home/jching/ros2_ws/install
[1.813s] DEBUG:colcon.colcon_installed_package_information.package_discovery:Found 437 installed packages in /opt/ros/humble
[1.815s] Level 1:colcon.colcon_core.package_discovery:discover_packages(prefix_path) using defaults
[2.107s] Level 5:colcon.colcon_core.verb:set package 'multi_drone_system' build argument 'cmake_args' from command line to 'None'
[2.107s] Level 5:colcon.colcon_core.verb:set package 'multi_drone_system' build argument 'cmake_target' from command line to 'None'
[2.107s] Level 5:colcon.colcon_core.verb:set package 'multi_drone_system' build argument 'cmake_target_skip_unavailable' from command line to 'False'
[2.107s] Level 5:colcon.colcon_core.verb:set package 'multi_drone_system' build argument 'cmake_clean_cache' from command line to 'False'
[2.107s] Level 5:colcon.colcon_core.verb:set package 'multi_drone_system' build argument 'cmake_clean_first' from command line to 'False'
[2.107s] Level 5:colcon.colcon_core.verb:set package 'multi_drone_system' build argument 'cmake_force_configure' from command line to 'False'
[2.107s] Level 5:colcon.colcon_core.verb:set package 'multi_drone_system' build argument 'ament_cmake_args' from command line to 'None'
[2.107s] Level 5:colcon.colcon_core.verb:set package 'multi_drone_system' build argument 'catkin_cmake_args' from command line to 'None'
[2.107s] Level 5:colcon.colcon_core.verb:set package 'multi_drone_system' build argument 'catkin_skip_building_tests' from command line to 'False'
[2.107s] DEBUG:colcon.colcon_core.verb:Building package 'multi_drone_system' with the following arguments: {'ament_cmake_args': None, 'build_base': '/home/jching/ros2_ws/src/multi_drone_system/build/multi_drone_system', 'catkin_cmake_args': None, 'catkin_skip_building_tests': False, 'cmake_args': None, 'cmake_clean_cache': False, 'cmake_clean_first': False, 'cmake_force_configure': False, 'cmake_target': None, 'cmake_target_skip_unavailable': False, 'install_base': '/home/jching/ros2_ws/src/multi_drone_system/install/multi_drone_system', 'merge_install': False, 'path': '/home/jching/ros2_ws/src/multi_drone_system', 'symlink_install': True, 'test_result_base': None}
[2.108s] INFO:colcon.colcon_core.executor:Executing jobs using 'parallel' executor
[2.109s] DEBUG:colcon.colcon_parallel_executor.executor.parallel:run_until_complete
[2.109s] INFO:colcon.colcon_ros.task.ament_python.build:Building ROS package in '/home/jching/ros2_ws/src/multi_drone_system' with build type 'ament_python'
[2.109s] Level 1:colcon.colcon_core.shell:create_environment_hook('multi_drone_system', 'ament_prefix_path')
[2.136s] INFO:colcon.colcon_core.plugin_system:Skipping extension 'colcon_core.shell.bat': Not used on non-Windows systems
[2.137s] INFO:colcon.colcon_core.shell:Creating environment hook '/home/jching/ros2_ws/src/multi_drone_system/install/multi_drone_system/share/multi_drone_system/hook/ament_prefix_path.ps1'
[2.139s] INFO:colcon.colcon_core.shell:Creating environment descriptor '/home/jching/ros2_ws/src/multi_drone_system/install/multi_drone_system/share/multi_drone_system/hook/ament_prefix_path.dsv'
[2.140s] INFO:colcon.colcon_core.shell:Creating environment hook '/home/jching/ros2_ws/src/multi_drone_system/install/multi_drone_system/share/multi_drone_system/hook/ament_prefix_path.sh'
[2.141s] INFO:colcon.colcon_core.shell:Skip shell extension 'powershell' for command environment: Not usable outside of PowerShell
[2.141s] DEBUG:colcon.colcon_core.shell:Skip shell extension 'dsv' for command environment
[2.377s] DEBUG:colcon.colcon_parallel_executor.executor.parallel:closing loop
[2.377s] DEBUG:colcon.colcon_parallel_executor.executor.parallel:loop closed
[2.377s] DEBUG:colcon.colcon_parallel_executor.executor.parallel:run_until_complete finished with 'Command '['/usr/bin/python3', '-c', 'import sys;from contextlib import suppress;exec("with suppress(ImportError):    from setuptools.extern.packaging.specifiers    import SpecifierSet");exec("with suppress(ImportError):    from packaging.specifiers import SpecifierSet");from distutils.core import run_setup;dist = run_setup(    \'setup.py\', script_args=(\'--dry-run\',), stop_after=\'config\');skip_keys = (\'cmdclass\', \'distclass\', \'ext_modules\', \'metadata\');data = {    key: value for key, value in dist.__dict__.items()     if (        not key.startswith(\'_\') and         not callable(value) and         key not in skip_keys and         key not in dist.display_option_names    )};data[\'metadata\'] = {    k: v for k, v in dist.metadata.__dict__.items()     if k not in (\'license_files\', \'provides_extras\')};sys.stdout.buffer.write(repr(data).encode(\'utf-8\'))']' returned non-zero exit status 1.'
[2.377s] DEBUG:colcon.colcon_core.event_reactor:joining thread
[2.464s] INFO:colcon.colcon_core.plugin_system:Skipping extension 'colcon_notification.desktop_notification.notify_send': Could not find 'notify-send'
[2.464s] INFO:colcon.colcon_core.plugin_system:Skipping extension 'colcon_notification.desktop_notification.terminal_notifier': Not used on non-Darwin systems
[2.464s] INFO:colcon.colcon_core.plugin_system:Skipping extension 'colcon_notification.desktop_notification.win32': Not used on non-Windows systems
[2.464s] INFO:colcon.colcon_notification.desktop_notification:Sending desktop notification using 'notify2'
[2.479s] DEBUG:colcon.colcon_notification.desktop_notification.notify2:Failed to initialize notify2: org.freedesktop.DBus.Error.ServiceUnknown: The name org.freedesktop.Notifications was not provided by any .service files
[2.479s] DEBUG:colcon.colcon_core.event_reactor:joined thread
[2.479s] INFO:colcon.colcon_core.shell:Creating prefix script '/home/jching/ros2_ws/src/multi_drone_system/install/local_setup.ps1'
[2.481s] INFO:colcon.colcon_core.shell:Creating prefix util module '/home/jching/ros2_ws/src/multi_drone_system/install/_local_setup_util_ps1.py'
[2.483s] INFO:colcon.colcon_core.shell:Creating prefix chain script '/home/jching/ros2_ws/src/multi_drone_system/install/setup.ps1'
[2.484s] INFO:colcon.colcon_core.shell:Creating prefix script '/home/jching/ros2_ws/src/multi_drone_system/install/local_setup.sh'
[2.485s] INFO:colcon.colcon_core.shell:Creating prefix util module '/home/jching/ros2_ws/src/multi_drone_system/install/_local_setup_util_sh.py'
[2.486s] INFO:colcon.colcon_core.shell:Creating prefix chain script '/home/jching/ros2_ws/src/multi_drone_system/install/setup.sh'
[2.488s] INFO:colcon.colcon_core.shell:Creating prefix script '/home/jching/ros2_ws/src/multi_drone_system/install/local_setup.bash'
[2.489s] INFO:colcon.colcon_core.shell:Creating prefix chain script '/home/jching/ros2_ws/src/multi_drone_system/install/setup.bash'
[2.493s] INFO:colcon.colcon_core.shell:Creating prefix script '/home/jching/ros2_ws/src/multi_drone_system/install/local_setup.zsh'
[2.495s] INFO:colcon.colcon_core.shell:Creating prefix chain script '/home/jching/ros2_ws/src/multi_drone_system/install/setup.zsh'
