[0.574s] DEBUG:colcon:Command line arguments: ['/usr/bin/colcon', 'build', '--symlink-install', '--packages-select', 'multi_drone_system']
[0.574s] DEBUG:colcon:Parsed command line arguments: Namespace(log_base=None, log_level=None, verb_name='build', build_base='build', install_base='install', merge_install=False, symlink_install=True, test_result_base=None, continue_on_error=False, executor='parallel', parallel_workers=8, event_handlers=None, ignore_user_meta=False, metas=['./colcon.meta'], base_paths=['.'], packages_ignore=None, packages_ignore_regex=None, paths=None, packages_up_to=None, packages_up_to_regex=None, packages_above=None, packages_above_and_dependencies=None, packages_above_depth=None, packages_select_by_dep=None, packages_skip_by_dep=None, packages_skip_up_to=None, packages_select_build_failed=False, packages_skip_build_finished=False, packages_select_test_failures=False, packages_skip_test_passed=False, packages_select=['multi_drone_system'], packages_skip=None, packages_select_regex=None, packages_skip_regex=None, packages_start=None, packages_end=None, allow_overriding=[], cmake_args=None, cmake_target=None, cmake_target_skip_unavailable=False, cmake_clean_cache=False, cmake_clean_first=False, cmake_force_configure=False, ament_cmake_args=None, catkin_cmake_args=None, catkin_skip_building_tests=False, verb_parser=<colcon_defaults.argument_parser.defaults.DefaultArgumentsDecorator object at 0x7f5832601420>, verb_extension=<colcon_core.verb.build.BuildVerb object at 0x7f58326fdf30>, main=<bound method BuildVerb.main of <colcon_core.verb.build.BuildVerb object at 0x7f58326fdf30>>)
[0.676s] Level 1:colcon.colcon_core.package_discovery:discover_packages(colcon_meta) check parameters
[0.676s] Level 1:colcon.colcon_core.package_discovery:discover_packages(recursive) check parameters
[0.676s] Level 1:colcon.colcon_core.package_discovery:discover_packages(ignore) check parameters
[0.676s] Level 1:colcon.colcon_core.package_discovery:discover_packages(path) check parameters
[0.676s] Level 1:colcon.colcon_core.package_discovery:discover_packages(colcon_meta) discover
[0.676s] Level 1:colcon.colcon_core.package_discovery:discover_packages(recursive) discover
[0.676s] INFO:colcon.colcon_core.package_discovery:Crawling recursively for packages in '/home/jching/ros2_ws/src/multi_drone_system'
[0.676s] Level 1:colcon.colcon_core.package_identification:_identify(.) by extensions ['ignore', 'ignore_ament_install']
[0.676s] Level 1:colcon.colcon_core.package_identification:_identify(.) by extension 'ignore'
[0.676s] Level 1:colcon.colcon_core.package_identification:_identify(.) by extension 'ignore_ament_install'
[0.677s] Level 1:colcon.colcon_core.package_identification:_identify(.) by extensions ['colcon_pkg']
[0.677s] Level 1:colcon.colcon_core.package_identification:_identify(.) by extension 'colcon_pkg'
[0.677s] Level 1:colcon.colcon_core.package_identification:_identify(.) by extensions ['colcon_meta']
[0.677s] Level 1:colcon.colcon_core.package_identification:_identify(.) by extension 'colcon_meta'
[0.677s] Level 1:colcon.colcon_core.package_identification:_identify(.) by extensions ['ros']
[0.677s] Level 1:colcon.colcon_core.package_identification:_identify(.) by extension 'ros'
[0.708s] DEBUG:colcon.colcon_core.package_identification:Package '.' with type 'ros.ament_python' and name 'multi_drone_system'
[0.708s] Level 1:colcon.colcon_core.package_discovery:discover_packages(recursive) using defaults
[0.708s] Level 1:colcon.colcon_core.package_discovery:discover_packages(ignore) discover
[0.708s] Level 1:colcon.colcon_core.package_discovery:discover_packages(ignore) using defaults
[0.708s] Level 1:colcon.colcon_core.package_discovery:discover_packages(path) discover
[0.709s] Level 1:colcon.colcon_core.package_discovery:discover_packages(path) using defaults
[0.753s] Level 1:colcon.colcon_core.package_discovery:discover_packages(prefix_path) check parameters
[0.753s] Level 1:colcon.colcon_core.package_discovery:discover_packages(prefix_path) discover
[0.762s] DEBUG:colcon.colcon_installed_package_information.package_discovery:Found 1 installed packages in /home/jching/ros2_ws/install
[0.766s] DEBUG:colcon.colcon_installed_package_information.package_discovery:Found 437 installed packages in /opt/ros/humble
[0.767s] Level 1:colcon.colcon_core.package_discovery:discover_packages(prefix_path) using defaults
[1.066s] Level 5:colcon.colcon_core.verb:set package 'multi_drone_system' build argument 'cmake_args' from command line to 'None'
[1.066s] Level 5:colcon.colcon_core.verb:set package 'multi_drone_system' build argument 'cmake_target' from command line to 'None'
[1.066s] Level 5:colcon.colcon_core.verb:set package 'multi_drone_system' build argument 'cmake_target_skip_unavailable' from command line to 'False'
[1.066s] Level 5:colcon.colcon_core.verb:set package 'multi_drone_system' build argument 'cmake_clean_cache' from command line to 'False'
[1.066s] Level 5:colcon.colcon_core.verb:set package 'multi_drone_system' build argument 'cmake_clean_first' from command line to 'False'
[1.066s] Level 5:colcon.colcon_core.verb:set package 'multi_drone_system' build argument 'cmake_force_configure' from command line to 'False'
[1.066s] Level 5:colcon.colcon_core.verb:set package 'multi_drone_system' build argument 'ament_cmake_args' from command line to 'None'
[1.066s] Level 5:colcon.colcon_core.verb:set package 'multi_drone_system' build argument 'catkin_cmake_args' from command line to 'None'
[1.066s] Level 5:colcon.colcon_core.verb:set package 'multi_drone_system' build argument 'catkin_skip_building_tests' from command line to 'False'
[1.066s] DEBUG:colcon.colcon_core.verb:Building package 'multi_drone_system' with the following arguments: {'ament_cmake_args': None, 'build_base': '/home/jching/ros2_ws/src/multi_drone_system/build/multi_drone_system', 'catkin_cmake_args': None, 'catkin_skip_building_tests': False, 'cmake_args': None, 'cmake_clean_cache': False, 'cmake_clean_first': False, 'cmake_force_configure': False, 'cmake_target': None, 'cmake_target_skip_unavailable': False, 'install_base': '/home/jching/ros2_ws/src/multi_drone_system/install/multi_drone_system', 'merge_install': False, 'path': '/home/jching/ros2_ws/src/multi_drone_system', 'symlink_install': True, 'test_result_base': None}
[1.066s] INFO:colcon.colcon_core.executor:Executing jobs using 'parallel' executor
[1.067s] DEBUG:colcon.colcon_parallel_executor.executor.parallel:run_until_complete
[1.067s] INFO:colcon.colcon_ros.task.ament_python.build:Building ROS package in '/home/jching/ros2_ws/src/multi_drone_system' with build type 'ament_python'
[1.067s] Level 1:colcon.colcon_core.shell:create_environment_hook('multi_drone_system', 'ament_prefix_path')
[1.076s] INFO:colcon.colcon_core.plugin_system:Skipping extension 'colcon_core.shell.bat': Not used on non-Windows systems
[1.077s] INFO:colcon.colcon_core.shell:Creating environment hook '/home/jching/ros2_ws/src/multi_drone_system/install/multi_drone_system/share/multi_drone_system/hook/ament_prefix_path.ps1'
[1.078s] INFO:colcon.colcon_core.shell:Creating environment descriptor '/home/jching/ros2_ws/src/multi_drone_system/install/multi_drone_system/share/multi_drone_system/hook/ament_prefix_path.dsv'
[1.079s] INFO:colcon.colcon_core.shell:Creating environment hook '/home/jching/ros2_ws/src/multi_drone_system/install/multi_drone_system/share/multi_drone_system/hook/ament_prefix_path.sh'
[1.080s] INFO:colcon.colcon_core.shell:Skip shell extension 'powershell' for command environment: Not usable outside of PowerShell
[1.080s] DEBUG:colcon.colcon_core.shell:Skip shell extension 'dsv' for command environment
[1.268s] INFO:colcon.colcon_core.task.python.build:Building Python package in '/home/jching/ros2_ws/src/multi_drone_system'
[1.268s] INFO:colcon.colcon_core.shell:Skip shell extension 'powershell' for command environment: Not usable outside of PowerShell
[1.268s] DEBUG:colcon.colcon_core.shell:Skip shell extension 'dsv' for command environment
[2.825s] DEBUG:colcon.colcon_core.event_handler.log_command:Invoking command in '/home/jching/ros2_ws/src/multi_drone_system/build/multi_drone_system': PYTHONPATH=/home/jching/ros2_ws/src/multi_drone_system/build/multi_drone_system/prefix_override:/home/jching/ros2_ws/src/multi_drone_system/install/multi_drone_system/lib/python3.10/site-packages:${PYTHONPATH} /usr/bin/python3 -W ignore:setup.py install is deprecated setup.py develop --editable --build-directory /home/jching/ros2_ws/src/multi_drone_system/build/multi_drone_system/build --no-deps symlink_data
[3.382s] Level 1:colcon.colcon_core.shell:create_environment_hook('multi_drone_system', 'pythonpath_develop')
[3.382s] INFO:colcon.colcon_core.shell:Creating environment hook '/home/jching/ros2_ws/src/multi_drone_system/build/multi_drone_system/share/multi_drone_system/hook/pythonpath_develop.ps1'
[3.383s] DEBUG:colcon.colcon_core.event_handler.log_command:Invoked command in '/home/jching/ros2_ws/src/multi_drone_system/build/multi_drone_system' returned '0': PYTHONPATH=/home/jching/ros2_ws/src/multi_drone_system/build/multi_drone_system/prefix_override:/home/jching/ros2_ws/src/multi_drone_system/install/multi_drone_system/lib/python3.10/site-packages:${PYTHONPATH} /usr/bin/python3 -W ignore:setup.py install is deprecated setup.py develop --editable --build-directory /home/jching/ros2_ws/src/multi_drone_system/build/multi_drone_system/build --no-deps symlink_data
[3.383s] INFO:colcon.colcon_core.shell:Creating environment descriptor '/home/jching/ros2_ws/src/multi_drone_system/build/multi_drone_system/share/multi_drone_system/hook/pythonpath_develop.dsv'
[3.383s] INFO:colcon.colcon_core.shell:Creating environment hook '/home/jching/ros2_ws/src/multi_drone_system/build/multi_drone_system/share/multi_drone_system/hook/pythonpath_develop.sh'
[3.396s] Level 1:colcon.colcon_core.environment:checking '/home/jching/ros2_ws/src/multi_drone_system/install/multi_drone_system' for CMake module files
[3.396s] Level 1:colcon.colcon_core.environment:checking '/home/jching/ros2_ws/src/multi_drone_system/install/multi_drone_system' for CMake config files
[3.396s] Level 1:colcon.colcon_core.environment:checking '/home/jching/ros2_ws/src/multi_drone_system/install/multi_drone_system/lib'
[3.397s] Level 1:colcon.colcon_core.environment:checking '/home/jching/ros2_ws/src/multi_drone_system/install/multi_drone_system/bin'
[3.397s] Level 1:colcon.colcon_core.environment:checking '/home/jching/ros2_ws/src/multi_drone_system/install/multi_drone_system/lib/pkgconfig/multi_drone_system.pc'
[3.397s] Level 1:colcon.colcon_core.environment:checking '/home/jching/ros2_ws/src/multi_drone_system/install/multi_drone_system/lib/python3.10/site-packages'
[3.397s] Level 1:colcon.colcon_core.shell:create_environment_hook('multi_drone_system', 'pythonpath')
[3.397s] INFO:colcon.colcon_core.shell:Creating environment hook '/home/jching/ros2_ws/src/multi_drone_system/install/multi_drone_system/share/multi_drone_system/hook/pythonpath.ps1'
[3.397s] INFO:colcon.colcon_core.shell:Creating environment descriptor '/home/jching/ros2_ws/src/multi_drone_system/install/multi_drone_system/share/multi_drone_system/hook/pythonpath.dsv'
[3.398s] INFO:colcon.colcon_core.shell:Creating environment hook '/home/jching/ros2_ws/src/multi_drone_system/install/multi_drone_system/share/multi_drone_system/hook/pythonpath.sh'
[3.398s] Level 1:colcon.colcon_core.environment:checking '/home/jching/ros2_ws/src/multi_drone_system/install/multi_drone_system/bin'
[3.398s] Level 1:colcon.colcon_core.environment:create_environment_scripts_only(multi_drone_system)
[3.398s] INFO:colcon.colcon_core.shell:Creating package script '/home/jching/ros2_ws/src/multi_drone_system/install/multi_drone_system/share/multi_drone_system/package.ps1'
[3.400s] INFO:colcon.colcon_core.shell:Creating package descriptor '/home/jching/ros2_ws/src/multi_drone_system/install/multi_drone_system/share/multi_drone_system/package.dsv'
[3.401s] INFO:colcon.colcon_core.shell:Creating package script '/home/jching/ros2_ws/src/multi_drone_system/install/multi_drone_system/share/multi_drone_system/package.sh'
[3.402s] INFO:colcon.colcon_core.shell:Creating package script '/home/jching/ros2_ws/src/multi_drone_system/install/multi_drone_system/share/multi_drone_system/package.bash'
[3.403s] INFO:colcon.colcon_core.shell:Creating package script '/home/jching/ros2_ws/src/multi_drone_system/install/multi_drone_system/share/multi_drone_system/package.zsh'
[3.404s] Level 1:colcon.colcon_core.environment:create_file_with_runtime_dependencies(/home/jching/ros2_ws/src/multi_drone_system/install/multi_drone_system/share/colcon-core/packages/multi_drone_system)
[3.405s] DEBUG:colcon.colcon_parallel_executor.executor.parallel:closing loop
[3.405s] DEBUG:colcon.colcon_parallel_executor.executor.parallel:loop closed
[3.405s] DEBUG:colcon.colcon_parallel_executor.executor.parallel:run_until_complete finished with '0'
[3.405s] DEBUG:colcon.colcon_core.event_reactor:joining thread
[3.505s] INFO:colcon.colcon_core.plugin_system:Skipping extension 'colcon_notification.desktop_notification.notify_send': Could not find 'notify-send'
[3.505s] INFO:colcon.colcon_core.plugin_system:Skipping extension 'colcon_notification.desktop_notification.terminal_notifier': Not used on non-Darwin systems
[3.505s] INFO:colcon.colcon_core.plugin_system:Skipping extension 'colcon_notification.desktop_notification.win32': Not used on non-Windows systems
[3.505s] INFO:colcon.colcon_notification.desktop_notification:Sending desktop notification using 'notify2'
[3.508s] DEBUG:colcon.colcon_notification.desktop_notification.notify2:Failed to initialize notify2: org.freedesktop.DBus.Error.ServiceUnknown: The name org.freedesktop.Notifications was not provided by any .service files
[3.508s] DEBUG:colcon.colcon_core.event_reactor:joined thread
[3.508s] INFO:colcon.colcon_core.shell:Creating prefix script '/home/jching/ros2_ws/src/multi_drone_system/install/local_setup.ps1'
[3.510s] INFO:colcon.colcon_core.shell:Creating prefix util module '/home/jching/ros2_ws/src/multi_drone_system/install/_local_setup_util_ps1.py'
[3.511s] INFO:colcon.colcon_core.shell:Creating prefix chain script '/home/jching/ros2_ws/src/multi_drone_system/install/setup.ps1'
[3.513s] INFO:colcon.colcon_core.shell:Creating prefix script '/home/jching/ros2_ws/src/multi_drone_system/install/local_setup.sh'
[3.515s] INFO:colcon.colcon_core.shell:Creating prefix util module '/home/jching/ros2_ws/src/multi_drone_system/install/_local_setup_util_sh.py'
[3.515s] INFO:colcon.colcon_core.shell:Creating prefix chain script '/home/jching/ros2_ws/src/multi_drone_system/install/setup.sh'
[3.517s] INFO:colcon.colcon_core.shell:Creating prefix script '/home/jching/ros2_ws/src/multi_drone_system/install/local_setup.bash'
[3.519s] INFO:colcon.colcon_core.shell:Creating prefix chain script '/home/jching/ros2_ws/src/multi_drone_system/install/setup.bash'
[3.520s] INFO:colcon.colcon_core.shell:Creating prefix script '/home/jching/ros2_ws/src/multi_drone_system/install/local_setup.zsh'
[3.522s] INFO:colcon.colcon_core.shell:Creating prefix chain script '/home/jching/ros2_ws/src/multi_drone_system/install/setup.zsh'
