[0.680s] Invoking command in '/home/jching/ros2_ws/src/multi_drone_system/build/multi_drone_system': PYTHONPATH=/home/jching/ros2_ws/src/multi_drone_system/build/multi_drone_system/prefix_override:/home/jching/ros2_ws/src/multi_drone_system/install/multi_drone_system/lib/python3.10/site-packages:${PYTHONPATH} /usr/bin/python3 -W ignore:setup.py install is deprecated setup.py develop --editable --build-directory /home/jching/ros2_ws/src/multi_drone_system/build/multi_drone_system/build --no-deps symlink_data
[0.941s] running develop
[0.941s] /home/jching/.local/lib/python3.10/site-packages/setuptools/command/develop.py:39: EasyInstallDeprecationWarning: easy_install command is deprecated.
[0.941s] !!
[0.941s] 
[0.941s]         ********************************************************************************
[0.941s]         Please avoid running ``setup.py`` and ``easy_install``.
[0.942s]         Instead, use pypa/build, pypa/installer or other
[0.942s]         standards-based tools.
[0.942s] 
[0.942s]         See https://github.com/pypa/setuptools/issues/917 for details.
[0.942s]         ********************************************************************************
[0.942s] 
[0.942s] !!
[0.942s]   easy_install.initialize_options(self)
[1.126s] running egg_info
[1.139s] writing multi_drone_system.egg-info/PKG-INFO
[1.140s] writing dependency_links to multi_drone_system.egg-info/dependency_links.txt
[1.140s] writing entry points to multi_drone_system.egg-info/entry_points.txt
[1.141s] writing requirements to multi_drone_system.egg-info/requires.txt
[1.141s] writing top-level names to multi_drone_system.egg-info/top_level.txt
[1.168s] reading manifest file 'multi_drone_system.egg-info/SOURCES.txt'
[1.168s] writing manifest file 'multi_drone_system.egg-info/SOURCES.txt'
[1.216s] running build_ext
[1.216s] Creating /home/jching/ros2_ws/src/multi_drone_system/install/multi_drone_system/lib/python3.10/site-packages/multi-drone-system.egg-link (link to .)
[1.216s] Installing tf_visualizer script to /home/jching/ros2_ws/src/multi_drone_system/install/multi_drone_system/lib/multi_drone_system
[1.217s] 
[1.217s] Installed /home/jching/ros2_ws/src/multi_drone_system/build/multi_drone_system
[1.217s] running symlink_data
[1.245s] Invoked command in '/home/jching/ros2_ws/src/multi_drone_system/build/multi_drone_system' returned '0': PYTHONPATH=/home/jching/ros2_ws/src/multi_drone_system/build/multi_drone_system/prefix_override:/home/jching/ros2_ws/src/multi_drone_system/install/multi_drone_system/lib/python3.10/site-packages:${PYTHONPATH} /usr/bin/python3 -W ignore:setup.py install is deprecated setup.py develop --editable --build-directory /home/jching/ros2_ws/src/multi_drone_system/build/multi_drone_system/build --no-deps symlink_data
